INFO [2021-04-30 12:36:12] $x
INFO [2021-04-30 12:36:12] x
INFO [2021-04-30 12:36:12] 
INFO [2021-04-30 12:36:12] $category.names
INFO [2021-04-30 12:36:12] category.names
INFO [2021-04-30 12:36:12] 
INFO [2021-04-30 12:36:12] $filename
INFO [2021-04-30 12:36:12] filename
INFO [2021-04-30 12:36:12] 
INFO [2021-04-30 12:36:12] $output
INFO [2021-04-30 12:36:12] [1] TRUE
INFO [2021-04-30 12:36:12] 
INFO [2021-04-30 12:36:12] $imagetype
INFO [2021-04-30 12:36:12] [1] "png"
INFO [2021-04-30 12:36:12] 
INFO [2021-04-30 12:36:12] $scaled
INFO [2021-04-30 12:36:12] [1] TRUE
INFO [2021-04-30 12:36:12] 
INFO [2021-04-30 12:36:12] $col
INFO [2021-04-30 12:36:12] [1] "black"
INFO [2021-04-30 12:36:12] 
INFO [2021-04-30 12:36:12] $fill
INFO [2021-04-30 12:36:12] (ggsci::pal_jco())(3)
INFO [2021-04-30 12:36:12] 
INFO [2021-04-30 12:36:12] $cat.col
INFO [2021-04-30 12:36:12] (ggsci::pal_jco())(3)
INFO [2021-04-30 12:36:12] 
INFO [2021-04-30 12:36:12] $cat.cex
INFO [2021-04-30 12:36:12] [1] 0.8
INFO [2021-04-30 12:36:12] 
INFO [2021-04-30 12:36:12] $margrin
INFO [2021-04-30 12:36:12] [1] 0
INFO [2021-04-30 12:36:12] 
