INFO [2021-04-30 12:36:13] $x
INFO [2021-04-30 12:36:13] x
INFO [2021-04-30 12:36:13] 
INFO [2021-04-30 12:36:13] $category.names
INFO [2021-04-30 12:36:13] category.names
INFO [2021-04-30 12:36:13] 
INFO [2021-04-30 12:36:13] $filename
INFO [2021-04-30 12:36:13] filename
INFO [2021-04-30 12:36:13] 
INFO [2021-04-30 12:36:13] $output
INFO [2021-04-30 12:36:13] [1] TRUE
INFO [2021-04-30 12:36:13] 
INFO [2021-04-30 12:36:13] $imagetype
INFO [2021-04-30 12:36:13] [1] "png"
INFO [2021-04-30 12:36:13] 
INFO [2021-04-30 12:36:13] $scaled
INFO [2021-04-30 12:36:13] [1] TRUE
INFO [2021-04-30 12:36:13] 
INFO [2021-04-30 12:36:13] $col
INFO [2021-04-30 12:36:13] [1] "black"
INFO [2021-04-30 12:36:13] 
INFO [2021-04-30 12:36:13] $fill
INFO [2021-04-30 12:36:13] (ggsci::pal_jco())(3)
INFO [2021-04-30 12:36:13] 
INFO [2021-04-30 12:36:13] $cat.col
INFO [2021-04-30 12:36:13] (ggsci::pal_jco())(3)
INFO [2021-04-30 12:36:13] 
INFO [2021-04-30 12:36:13] $cat.cex
INFO [2021-04-30 12:36:13] [1] 0.8
INFO [2021-04-30 12:36:13] 
INFO [2021-04-30 12:36:13] $margrin
INFO [2021-04-30 12:36:13] [1] 0
INFO [2021-04-30 12:36:13] 
