INFO [2021-04-30 12:36:10] $x
INFO [2021-04-30 12:36:10] x
INFO [2021-04-30 12:36:10] 
INFO [2021-04-30 12:36:10] $category.names
INFO [2021-04-30 12:36:10] category.names
INFO [2021-04-30 12:36:10] 
INFO [2021-04-30 12:36:10] $filename
INFO [2021-04-30 12:36:10] filename
INFO [2021-04-30 12:36:10] 
INFO [2021-04-30 12:36:10] $output
INFO [2021-04-30 12:36:10] [1] TRUE
INFO [2021-04-30 12:36:10] 
INFO [2021-04-30 12:36:10] $imagetype
INFO [2021-04-30 12:36:10] [1] "png"
INFO [2021-04-30 12:36:10] 
INFO [2021-04-30 12:36:10] $scaled
INFO [2021-04-30 12:36:10] [1] TRUE
INFO [2021-04-30 12:36:10] 
INFO [2021-04-30 12:36:10] $col
INFO [2021-04-30 12:36:10] [1] "black"
INFO [2021-04-30 12:36:10] 
INFO [2021-04-30 12:36:10] $fill
INFO [2021-04-30 12:36:10] (ggsci::pal_jco())(3)
INFO [2021-04-30 12:36:10] 
INFO [2021-04-30 12:36:10] $cat.col
INFO [2021-04-30 12:36:10] (ggsci::pal_jco())(3)
INFO [2021-04-30 12:36:10] 
INFO [2021-04-30 12:36:10] $cat.cex
INFO [2021-04-30 12:36:10] [1] 0.8
INFO [2021-04-30 12:36:10] 
INFO [2021-04-30 12:36:10] $margrin
INFO [2021-04-30 12:36:10] [1] 0
INFO [2021-04-30 12:36:10] 
