INFO [2021-04-30 12:21:57] $x
INFO [2021-04-30 12:21:57] list(filter(tcx, Class == class)$hgnc_symbol, filter(bm22, Class == 
INFO [2021-04-30 12:21:57]     class)$hgnc_symbol, filter(bm36, Class == class)$hgnc_symbol)
INFO [2021-04-30 12:21:57] 
INFO [2021-04-30 12:21:57] $category.names
INFO [2021-04-30 12:21:57] category.names
INFO [2021-04-30 12:21:57] 
INFO [2021-04-30 12:21:57] $filename
INFO [2021-04-30 12:21:57] filename
INFO [2021-04-30 12:21:57] 
INFO [2021-04-30 12:21:57] $output
INFO [2021-04-30 12:21:57] [1] TRUE
INFO [2021-04-30 12:21:57] 
INFO [2021-04-30 12:21:57] $imagetype
INFO [2021-04-30 12:21:57] [1] "png"
INFO [2021-04-30 12:21:57] 
INFO [2021-04-30 12:21:57] $scaled
INFO [2021-04-30 12:21:57] [1] TRUE
INFO [2021-04-30 12:21:57] 
INFO [2021-04-30 12:21:57] $col
INFO [2021-04-30 12:21:57] [1] "black"
INFO [2021-04-30 12:21:57] 
INFO [2021-04-30 12:21:57] $fill
INFO [2021-04-30 12:21:57] (ggsci::pal_jco())(3)
INFO [2021-04-30 12:21:57] 
INFO [2021-04-30 12:21:57] $cat.col
INFO [2021-04-30 12:21:57] (ggsci::pal_jco())(3)
INFO [2021-04-30 12:21:57] 
INFO [2021-04-30 12:21:57] $cat.cex
INFO [2021-04-30 12:21:57] [1] 0.8
INFO [2021-04-30 12:21:57] 
INFO [2021-04-30 12:21:57] $margrin
INFO [2021-04-30 12:21:57] [1] 0
INFO [2021-04-30 12:21:57] 
